<?xml version="1.0" encoding="UTF-8"?>
<!-- Generated by org.testng.reporters.JUnitXMLReporter -->
<testsuite ignored="0" hostname="LAPTOP-JDJE2D7Q" failures="0" tests="4" name="Test" time="33.797" errors="0" timestamp="13 Jul 2018 09:49:22 GMT">
  <testcase classname="com.test.bank.UserLogin" name="userLoginTestCases" time="6.345"/>
  <testcase classname="com.test.bank.UserLogin" name="addNewCustomer" time="4.252"/>
  <testcase classname="com.test.bank.UserLogin" name="checkIDDisplay" time="0.4"/>
  <testcase classname="com.test.bank.UserLogin" name="editCustomer" time="1.584"/>
</testsuite> <!-- Test -->
