<?xml version="1.0" encoding="UTF-8"?>
<testng-results ignored="0" total="1" passed="1" failed="0" skipped="0">
  <reporter-output>
  </reporter-output>
  <suite started-at="2018-10-03T14:23:59Z" name="Command line suite" finished-at="2018-10-03T14:24:30Z" duration-ms="31559">
    <groups>
    </groups>
    <test started-at="2018-10-03T14:23:59Z" name="Command line test" finished-at="2018-10-03T14:24:30Z" duration-ms="31559">
      <class name="com.sample.cucumber.NewTest">
        <test-method signature="f()[pri:0, instance:com.sample.cucumber.NewTest@2a65fe7c]" started-at="2018-10-03T14:23:59Z" name="f" finished-at="2018-10-03T14:24:30Z" duration-ms="31508" status="PASS">
          <reporter-output>
          </reporter-output>
        </test-method> <!-- f -->
      </class> <!-- com.sample.cucumber.NewTest -->
    </test> <!-- Command line test -->
  </suite> <!-- Command line suite -->
</testng-results>
