<?xml version="1.0" encoding="UTF-8"?>
<testng-results ignored="0" total="20" passed="20" failed="0" skipped="0">
  <reporter-output>
  </reporter-output>
  <suite started-at="2018-09-13T09:28:00Z" name="Default suite" finished-at="2018-09-13T09:29:00Z" duration-ms="59941">
    <groups>
    </groups>
    <test started-at="2018-09-13T09:28:00Z" name="Default test" finished-at="2018-09-13T09:29:00Z" duration-ms="59941">
      <class name="com.test.bank.UserLoginTest">
        <test-method is-config="true" signature="launchBrowser()[pri:0, instance:com.test.bank.UserLoginTest@5d534f5d]" started-at="2018-09-13T09:28:00Z" name="launchBrowser" finished-at="2018-09-13T09:28:18Z" duration-ms="17673" status="PASS">
          <reporter-output>
          </reporter-output>
        </test-method> <!-- launchBrowser -->
        <test-method signature="userLoginTestCases(java.lang.String, java.lang.String)[pri:1, instance:com.test.bank.UserLoginTest@5d534f5d]" started-at="2018-09-13T09:28:18Z" name="userLoginTestCases" data-provider="Authentication" finished-at="2018-09-13T09:28:21Z" duration-ms="3221" status="PASS">
          <params>
            <param index="0">
              <value>
                <![CDATA[mngr149872]]>
              </value>
            </param>
            <param index="1">
              <value>
                <![CDATA[mAbuqy]]>
              </value>
            </param>
          </params>
          <reporter-output>
          </reporter-output>
        </test-method> <!-- userLoginTestCases -->
        <test-method signature="userLoginTestCases(java.lang.String, java.lang.String)[pri:1, instance:com.test.bank.UserLoginTest@5d534f5d]" started-at="2018-09-13T09:28:21Z" name="userLoginTestCases" data-provider="Authentication" finished-at="2018-09-13T09:28:24Z" duration-ms="2639" status="PASS">
          <params>
            <param index="0">
              <value>
                <![CDATA[mngr14987]]>
              </value>
            </param>
            <param index="1">
              <value>
                <![CDATA[mAbuqyt]]>
              </value>
            </param>
          </params>
          <reporter-output>
          </reporter-output>
        </test-method> <!-- userLoginTestCases -->
        <test-method signature="userLoginTestCases(java.lang.String, java.lang.String)[pri:1, instance:com.test.bank.UserLoginTest@5d534f5d]" started-at="2018-09-13T09:28:24Z" name="userLoginTestCases" data-provider="Authentication" finished-at="2018-09-13T09:28:26Z" duration-ms="2513" status="PASS">
          <params>
            <param index="0">
              <value>
                <![CDATA[mngr14987]]>
              </value>
            </param>
            <param index="1">
              <value>
                <![CDATA[mAbuqy]]>
              </value>
            </param>
          </params>
          <reporter-output>
          </reporter-output>
        </test-method> <!-- userLoginTestCases -->
        <test-method signature="userLoginTestCases(java.lang.String, java.lang.String)[pri:1, instance:com.test.bank.UserLoginTest@5d534f5d]" started-at="2018-09-13T09:28:26Z" name="userLoginTestCases" data-provider="Authentication" finished-at="2018-09-13T09:28:29Z" duration-ms="3172" status="PASS">
          <params>
            <param index="0">
              <value>
                <![CDATA[mngr149872]]>
              </value>
            </param>
            <param index="1">
              <value>
                <![CDATA[mAbuqyt]]>
              </value>
            </param>
          </params>
          <reporter-output>
          </reporter-output>
        </test-method> <!-- userLoginTestCases -->
        <test-method signature="checkIDDisplay()[pri:2, instance:com.test.bank.UserLoginTest@5d534f5d]" started-at="2018-09-13T09:28:29Z" name="checkIDDisplay" finished-at="2018-09-13T09:28:30Z" duration-ms="607" status="PASS">
          <reporter-output>
          </reporter-output>
        </test-method> <!-- checkIDDisplay -->
        <test-method signature="addNewCustomer()[pri:3, instance:com.test.bank.UserLoginTest@5d534f5d]" started-at="2018-09-13T09:28:30Z" name="addNewCustomer" finished-at="2018-09-13T09:28:34Z" duration-ms="4486" status="PASS">
          <reporter-output>
          </reporter-output>
        </test-method> <!-- addNewCustomer -->
        <test-method signature="miniStatement()[pri:4, instance:com.test.bank.UserLoginTest@5d534f5d]" started-at="2018-09-13T09:28:34Z" name="miniStatement" finished-at="2018-09-13T09:28:36Z" duration-ms="1637" status="PASS">
          <reporter-output>
          </reporter-output>
        </test-method> <!-- miniStatement -->
        <test-method signature="editCustomer()[pri:5, instance:com.test.bank.UserLoginTest@5d534f5d]" started-at="2018-09-13T09:28:36Z" name="editCustomer" finished-at="2018-09-13T09:28:38Z" duration-ms="1441" status="PASS">
          <reporter-output>
          </reporter-output>
        </test-method> <!-- editCustomer -->
        <test-method signature="depositMoney(java.lang.String, java.lang.String, java.lang.String, java.lang.String)[pri:6, instance:com.test.bank.UserLoginTest@5d534f5d]" started-at="2018-09-13T09:28:38Z" name="depositMoney" data-provider="AccountNo" finished-at="2018-09-13T09:28:39Z" duration-ms="1483" status="PASS">
          <params>
            <param index="0">
              <value>
                <![CDATA[40187]]>
              </value>
            </param>
            <param index="1">
              <value>
                <![CDATA[40188]]>
              </value>
            </param>
            <param index="2">
              <value>
                <![CDATA[1000]]>
              </value>
            </param>
            <param index="3">
              <value>
                <![CDATA[cash]]>
              </value>
            </param>
          </params>
          <reporter-output>
          </reporter-output>
        </test-method> <!-- depositMoney -->
        <test-method signature="depositMoney(java.lang.String, java.lang.String, java.lang.String, java.lang.String)[pri:6, instance:com.test.bank.UserLoginTest@5d534f5d]" started-at="2018-09-13T09:28:39Z" name="depositMoney" data-provider="AccountNo" finished-at="2018-09-13T09:28:41Z" duration-ms="1672" status="PASS">
          <params>
            <param index="0">
              <value>
                <![CDATA[45788]]>
              </value>
            </param>
            <param index="1">
              <value>
                <![CDATA[45789]]>
              </value>
            </param>
            <param index="2">
              <value>
                <![CDATA[5000]]>
              </value>
            </param>
            <param index="3">
              <value>
                <![CDATA[cash]]>
              </value>
            </param>
          </params>
          <reporter-output>
          </reporter-output>
        </test-method> <!-- depositMoney -->
        <test-method signature="depositMoney(java.lang.String, java.lang.String, java.lang.String, java.lang.String)[pri:6, instance:com.test.bank.UserLoginTest@5d534f5d]" started-at="2018-09-13T09:28:41Z" name="depositMoney" data-provider="AccountNo" finished-at="2018-09-13T09:28:42Z" duration-ms="1404" status="PASS">
          <params>
            <param index="0">
              <value>
                <![CDATA[40187]]>
              </value>
            </param>
            <param index="1">
              <value>
                <![CDATA[40187]]>
              </value>
            </param>
            <param index="2">
              <value>
                <![CDATA[50000]]>
              </value>
            </param>
            <param index="3">
              <value>
                <![CDATA[cash]]>
              </value>
            </param>
          </params>
          <reporter-output>
          </reporter-output>
        </test-method> <!-- depositMoney -->
        <test-method signature="withdrawMoney(java.lang.String, java.lang.String, java.lang.String, java.lang.String)[pri:7, instance:com.test.bank.UserLoginTest@5d534f5d]" started-at="2018-09-13T09:28:42Z" name="withdrawMoney" data-provider="AccountNo" finished-at="2018-09-13T09:28:44Z" duration-ms="1642" status="PASS">
          <params>
            <param index="0">
              <value>
                <![CDATA[40187]]>
              </value>
            </param>
            <param index="1">
              <value>
                <![CDATA[40188]]>
              </value>
            </param>
            <param index="2">
              <value>
                <![CDATA[1000]]>
              </value>
            </param>
            <param index="3">
              <value>
                <![CDATA[cash]]>
              </value>
            </param>
          </params>
          <reporter-output>
          </reporter-output>
        </test-method> <!-- withdrawMoney -->
        <test-method signature="withdrawMoney(java.lang.String, java.lang.String, java.lang.String, java.lang.String)[pri:7, instance:com.test.bank.UserLoginTest@5d534f5d]" started-at="2018-09-13T09:28:44Z" name="withdrawMoney" data-provider="AccountNo" finished-at="2018-09-13T09:28:45Z" duration-ms="1499" status="PASS">
          <params>
            <param index="0">
              <value>
                <![CDATA[45788]]>
              </value>
            </param>
            <param index="1">
              <value>
                <![CDATA[45789]]>
              </value>
            </param>
            <param index="2">
              <value>
                <![CDATA[5000]]>
              </value>
            </param>
            <param index="3">
              <value>
                <![CDATA[cash]]>
              </value>
            </param>
          </params>
          <reporter-output>
          </reporter-output>
        </test-method> <!-- withdrawMoney -->
        <test-method signature="withdrawMoney(java.lang.String, java.lang.String, java.lang.String, java.lang.String)[pri:7, instance:com.test.bank.UserLoginTest@5d534f5d]" started-at="2018-09-13T09:28:45Z" name="withdrawMoney" data-provider="AccountNo" finished-at="2018-09-13T09:28:47Z" duration-ms="1424" status="PASS">
          <params>
            <param index="0">
              <value>
                <![CDATA[40187]]>
              </value>
            </param>
            <param index="1">
              <value>
                <![CDATA[40187]]>
              </value>
            </param>
            <param index="2">
              <value>
                <![CDATA[50000]]>
              </value>
            </param>
            <param index="3">
              <value>
                <![CDATA[cash]]>
              </value>
            </param>
          </params>
          <reporter-output>
          </reporter-output>
        </test-method> <!-- withdrawMoney -->
        <test-method signature="fundTransfer(java.lang.String, java.lang.String, java.lang.String, java.lang.String)[pri:8, instance:com.test.bank.UserLoginTest@5d534f5d]" started-at="2018-09-13T09:28:47Z" name="fundTransfer" data-provider="AccountNo" finished-at="2018-09-13T09:28:49Z" duration-ms="1943" status="PASS">
          <params>
            <param index="0">
              <value>
                <![CDATA[40187]]>
              </value>
            </param>
            <param index="1">
              <value>
                <![CDATA[40188]]>
              </value>
            </param>
            <param index="2">
              <value>
                <![CDATA[1000]]>
              </value>
            </param>
            <param index="3">
              <value>
                <![CDATA[cash]]>
              </value>
            </param>
          </params>
          <reporter-output>
          </reporter-output>
        </test-method> <!-- fundTransfer -->
        <test-method signature="fundTransfer(java.lang.String, java.lang.String, java.lang.String, java.lang.String)[pri:8, instance:com.test.bank.UserLoginTest@5d534f5d]" started-at="2018-09-13T09:28:49Z" name="fundTransfer" data-provider="AccountNo" finished-at="2018-09-13T09:28:51Z" duration-ms="2422" status="PASS">
          <params>
            <param index="0">
              <value>
                <![CDATA[45788]]>
              </value>
            </param>
            <param index="1">
              <value>
                <![CDATA[45789]]>
              </value>
            </param>
            <param index="2">
              <value>
                <![CDATA[5000]]>
              </value>
            </param>
            <param index="3">
              <value>
                <![CDATA[cash]]>
              </value>
            </param>
          </params>
          <reporter-output>
          </reporter-output>
        </test-method> <!-- fundTransfer -->
        <test-method signature="fundTransfer(java.lang.String, java.lang.String, java.lang.String, java.lang.String)[pri:8, instance:com.test.bank.UserLoginTest@5d534f5d]" started-at="2018-09-13T09:28:51Z" name="fundTransfer" data-provider="AccountNo" finished-at="2018-09-13T09:28:53Z" duration-ms="2141" status="PASS">
          <params>
            <param index="0">
              <value>
                <![CDATA[40187]]>
              </value>
            </param>
            <param index="1">
              <value>
                <![CDATA[40187]]>
              </value>
            </param>
            <param index="2">
              <value>
                <![CDATA[50000]]>
              </value>
            </param>
            <param index="3">
              <value>
                <![CDATA[cash]]>
              </value>
            </param>
          </params>
          <reporter-output>
          </reporter-output>
        </test-method> <!-- fundTransfer -->
        <test-method signature="balanceEnquiry(java.lang.String, java.lang.String, java.lang.String, java.lang.String)[pri:9, instance:com.test.bank.UserLoginTest@5d534f5d]" started-at="2018-09-13T09:28:53Z" name="balanceEnquiry" data-provider="AccountNo" finished-at="2018-09-13T09:28:55Z" duration-ms="1436" status="PASS">
          <params>
            <param index="0">
              <value>
                <![CDATA[40187]]>
              </value>
            </param>
            <param index="1">
              <value>
                <![CDATA[40188]]>
              </value>
            </param>
            <param index="2">
              <value>
                <![CDATA[1000]]>
              </value>
            </param>
            <param index="3">
              <value>
                <![CDATA[cash]]>
              </value>
            </param>
          </params>
          <reporter-output>
          </reporter-output>
        </test-method> <!-- balanceEnquiry -->
        <test-method signature="balanceEnquiry(java.lang.String, java.lang.String, java.lang.String, java.lang.String)[pri:9, instance:com.test.bank.UserLoginTest@5d534f5d]" started-at="2018-09-13T09:28:55Z" name="balanceEnquiry" data-provider="AccountNo" finished-at="2018-09-13T09:28:56Z" duration-ms="1043" status="PASS">
          <params>
            <param index="0">
              <value>
                <![CDATA[45788]]>
              </value>
            </param>
            <param index="1">
              <value>
                <![CDATA[45789]]>
              </value>
            </param>
            <param index="2">
              <value>
                <![CDATA[5000]]>
              </value>
            </param>
            <param index="3">
              <value>
                <![CDATA[cash]]>
              </value>
            </param>
          </params>
          <reporter-output>
          </reporter-output>
        </test-method> <!-- balanceEnquiry -->
        <test-method signature="balanceEnquiry(java.lang.String, java.lang.String, java.lang.String, java.lang.String)[pri:9, instance:com.test.bank.UserLoginTest@5d534f5d]" started-at="2018-09-13T09:28:56Z" name="balanceEnquiry" data-provider="AccountNo" finished-at="2018-09-13T09:28:57Z" duration-ms="1027" status="PASS">
          <params>
            <param index="0">
              <value>
                <![CDATA[40187]]>
              </value>
            </param>
            <param index="1">
              <value>
                <![CDATA[40187]]>
              </value>
            </param>
            <param index="2">
              <value>
                <![CDATA[50000]]>
              </value>
            </param>
            <param index="3">
              <value>
                <![CDATA[cash]]>
              </value>
            </param>
          </params>
          <reporter-output>
          </reporter-output>
        </test-method> <!-- balanceEnquiry -->
        <test-method is-config="true" signature="driverClose()[pri:0, instance:com.test.bank.UserLoginTest@5d534f5d]" started-at="2018-09-13T09:28:57Z" name="driverClose" finished-at="2018-09-13T09:29:00Z" duration-ms="3352" status="PASS">
          <reporter-output>
          </reporter-output>
        </test-method> <!-- driverClose -->
      </class> <!-- com.test.bank.UserLoginTest -->
    </test> <!-- Default test -->
  </suite> <!-- Default suite -->
</testng-results>
