<?xml version="1.0" encoding="UTF-8"?>
<testng-results ignored="0" total="1" passed="1" failed="0" skipped="0">
  <reporter-output>
  </reporter-output>
  <suite started-at="2018-07-11T15:14:52Z" name="Default suite" finished-at="2018-07-11T15:15:26Z" duration-ms="33966">
    <groups>
    </groups>
    <test started-at="2018-07-11T15:14:52Z" name="Default test" finished-at="2018-07-11T15:15:26Z" duration-ms="33966">
      <class name="com.bank.mavenexample.NewTest">
        <test-method is-config="true" signature="beforeTest()[pri:0, instance:com.bank.mavenexample.NewTest@2c1b194a]" started-at="2018-07-11T15:14:52Z" name="beforeTest" finished-at="2018-07-11T15:14:59Z" duration-ms="6597" status="PASS">
          <reporter-output>
          </reporter-output>
        </test-method> <!-- beforeTest -->
        <test-method signature="testEasy()[pri:0, instance:com.bank.mavenexample.NewTest@2c1b194a]" started-at="2018-07-11T15:14:59Z" name="testEasy" finished-at="2018-07-11T15:15:04Z" duration-ms="5337" status="PASS">
          <reporter-output>
          </reporter-output>
        </test-method> <!-- testEasy -->
        <test-method is-config="true" signature="afterTest()[pri:0, instance:com.bank.mavenexample.NewTest@2c1b194a]" started-at="2018-07-11T15:15:04Z" name="afterTest" finished-at="2018-07-11T15:15:26Z" duration-ms="21983" status="PASS">
          <reporter-output>
          </reporter-output>
        </test-method> <!-- afterTest -->
      </class> <!-- com.bank.mavenexample.NewTest -->
    </test> <!-- Default test -->
  </suite> <!-- Default suite -->
</testng-results>
