<?xml version="1.0" encoding="UTF-8"?>
<testng-results ignored="0" total="1" passed="1" failed="0" skipped="0">
  <reporter-output>
  </reporter-output>
  <suite started-at="2018-07-25T20:24:26Z" name="Default suite" finished-at="2018-07-25T20:24:46Z" duration-ms="19629">
    <groups>
    </groups>
    <test started-at="2018-07-25T20:24:26Z" name="Default test" finished-at="2018-07-25T20:24:46Z" duration-ms="19629">
      <class name="com.bank.mavenexample.NewTest">
        <test-method is-config="true" signature="beforeTest()[pri:0, instance:com.bank.mavenexample.NewTest@47e2e487]" started-at="2018-07-25T20:24:26Z" name="beforeTest" finished-at="2018-07-25T20:24:38Z" duration-ms="11615" status="PASS">
          <reporter-output>
          </reporter-output>
        </test-method> <!-- beforeTest -->
        <test-method signature="testEasy()[pri:0, instance:com.bank.mavenexample.NewTest@47e2e487]" started-at="2018-07-25T20:24:38Z" name="testEasy" finished-at="2018-07-25T20:24:43Z" duration-ms="5218" status="PASS">
          <reporter-output>
          </reporter-output>
        </test-method> <!-- testEasy -->
        <test-method is-config="true" signature="afterTest()[pri:0, instance:com.bank.mavenexample.NewTest@47e2e487]" started-at="2018-07-25T20:24:43Z" name="afterTest" finished-at="2018-07-25T20:24:46Z" duration-ms="2762" status="PASS">
          <reporter-output>
          </reporter-output>
        </test-method> <!-- afterTest -->
      </class> <!-- com.bank.mavenexample.NewTest -->
    </test> <!-- Default test -->
  </suite> <!-- Default suite -->
</testng-results>
